2022-03-03 23:35:29,429 INFO (StartupInfoLogger.java:55)- Starting ServerApplication using Java 1.8.0_144 on DESKTOP-MEP182M with PID 20296 (C:\Users\nnon\IdeaProjects\server\target\classes started by nnon in C:\Users\nnon\IdeaProjects\server)
2022-03-03 23:35:29,431 INFO (SpringApplication.java:635)- No active profile set, falling back to default profiles: default
2022-03-03 23:35:30,072 INFO (RepositoryConfigurationDelegate.java:262)- Multiple Spring Data modules found, entering strict repository configuration mode!
2022-03-03 23:35:30,075 INFO (RepositoryConfigurationDelegate.java:132)- Bootstrapping Spring Data Redis repositories in DEFAULT mode.
2022-03-03 23:35:30,100 INFO (RepositoryConfigurationDelegate.java:201)- Finished Spring Data repository scanning in 12 ms. Found 0 Redis repository interfaces.
2022-03-03 23:35:30,537 INFO (TomcatWebServer.java:108)- Tomcat initialized with port(s): 8088 (http)
2022-03-03 23:35:30,545 INFO (DirectJDKLog.java:173)- Initializing ProtocolHandler ["http-nio-8088"]
2022-03-03 23:35:30,546 INFO (DirectJDKLog.java:173)- Starting service [Tomcat]
2022-03-03 23:35:30,546 INFO (DirectJDKLog.java:173)- Starting Servlet engine: [Apache Tomcat/9.0.56]
2022-03-03 23:35:30,647 INFO (DirectJDKLog.java:173)- Initializing Spring embedded WebApplicationContext
2022-03-03 23:35:30,647 INFO (ServletWebServerApplicationContext.java:290)- Root WebApplicationContext: initialization completed in 1180 ms
2022-03-03 23:35:30,945 INFO (DruidDataSourceAutoConfigure.java:56)- Init DruidDataSource
2022-03-03 23:35:31,046 INFO (DruidDataSource.java:930)- {dataSource-1} inited
2022-03-03 23:35:31,401 WARN (ThymeleafAutoConfiguration.java:106)- Cannot find template location: classpath:/templates/ (please add some templates or check your Thymeleaf configuration)
2022-03-03 23:35:31,517 INFO (DirectJDKLog.java:173)- Starting ProtocolHandler ["http-nio-8088"]
2022-03-03 23:35:31,532 INFO (TomcatWebServer.java:220)- Tomcat started on port(s): 8088 (http) with context path ''
2022-03-03 23:35:31,540 INFO (StartupInfoLogger.java:61)- Started ServerApplication in 2.452 seconds (JVM running for 3.56)
2022-03-03 23:36:44,390 INFO (DirectJDKLog.java:173)- Initializing Spring DispatcherServlet 'dispatcherServlet'
2022-03-03 23:36:44,391 INFO (FrameworkServlet.java:525)- Initializing Servlet 'dispatcherServlet'
2022-03-03 23:36:44,392 INFO (FrameworkServlet.java:547)- Completed initialization in 1 ms
2022-03-03 23:40:22,099 INFO (DruidDataSource.java:1825)- {dataSource-1} closed
